Performing C SOURCE FILE Test CMAKE_HAVE_LIBC_PTHREAD failed with the following output:
Change Dir: /home/asus/Documents/OpenCL/TD1/build/CMakeFiles/CMakeTmp

Run Build Command(s):/usr/bin/make cmTC_8c6d8/fast && /usr/bin/make -f CMakeFiles/cmTC_8c6d8.dir/build.make CMakeFiles/cmTC_8c6d8.dir/build
make[1] : on entre dans le répertoire « /home/asus/Documents/OpenCL/TD1/build/CMakeFiles/CMakeTmp »
Building C object CMakeFiles/cmTC_8c6d8.dir/src.c.o
/usr/bin/gcc   -DCMAKE_HAVE_LIBC_PTHREAD   -o CMakeFiles/cmTC_8c6d8.dir/src.c.o   -c /home/asus/Documents/OpenCL/TD1/build/CMakeFiles/CMakeTmp/src.c
Linking C executable cmTC_8c6d8
/usr/bin/cmake -E cmake_link_script CMakeFiles/cmTC_8c6d8.dir/link.txt --verbose=1
/usr/bin/gcc  -DCMAKE_HAVE_LIBC_PTHREAD    -rdynamic CMakeFiles/cmTC_8c6d8.dir/src.c.o  -o cmTC_8c6d8 
/usr/bin/ld : CMakeFiles/cmTC_8c6d8.dir/src.c.o : dans la fonction « main » :
src.c:(.text+0x46) : référence indéfinie vers « pthread_create »
/usr/bin/ld : src.c:(.text+0x52) : référence indéfinie vers « pthread_detach »
/usr/bin/ld : src.c:(.text+0x63) : référence indéfinie vers « pthread_join »
collect2: error: ld returned 1 exit status
make[1]: *** [CMakeFiles/cmTC_8c6d8.dir/build.make:87 : cmTC_8c6d8] Erreur 1
make[1] : on quitte le répertoire « /home/asus/Documents/OpenCL/TD1/build/CMakeFiles/CMakeTmp »
make: *** [Makefile:121 : cmTC_8c6d8/fast] Erreur 2


Source file was:
#include <pthread.h>

void* test_func(void* data)
{
  return data;
}

int main(void)
{
  pthread_t thread;
  pthread_create(&thread, NULL, test_func, NULL);
  pthread_detach(thread);
  pthread_join(thread, NULL);
  pthread_atfork(NULL, NULL, NULL);
  pthread_exit(NULL);

  return 0;
}

Determining if the function pthread_create exists in the pthreads failed with the following output:
Change Dir: /home/asus/Documents/OpenCL/TD1/build/CMakeFiles/CMakeTmp

Run Build Command(s):/usr/bin/make cmTC_4f096/fast && /usr/bin/make -f CMakeFiles/cmTC_4f096.dir/build.make CMakeFiles/cmTC_4f096.dir/build
make[1] : on entre dans le répertoire « /home/asus/Documents/OpenCL/TD1/build/CMakeFiles/CMakeTmp »
Building C object CMakeFiles/cmTC_4f096.dir/CheckFunctionExists.c.o
/usr/bin/gcc   -DCHECK_FUNCTION_EXISTS=pthread_create   -o CMakeFiles/cmTC_4f096.dir/CheckFunctionExists.c.o   -c /usr/share/cmake-3.16/Modules/CheckFunctionExists.c
Linking C executable cmTC_4f096
/usr/bin/cmake -E cmake_link_script CMakeFiles/cmTC_4f096.dir/link.txt --verbose=1
/usr/bin/gcc  -DCHECK_FUNCTION_EXISTS=pthread_create    -rdynamic CMakeFiles/cmTC_4f096.dir/CheckFunctionExists.c.o  -o cmTC_4f096  -lpthreads 
/usr/bin/ld : ne peut trouver -lpthreads
collect2: error: ld returned 1 exit status
make[1]: *** [CMakeFiles/cmTC_4f096.dir/build.make:87 : cmTC_4f096] Erreur 1
make[1] : on quitte le répertoire « /home/asus/Documents/OpenCL/TD1/build/CMakeFiles/CMakeTmp »
make: *** [Makefile:121 : cmTC_4f096/fast] Erreur 2



Determining if the function __secure_getenv exists failed with the following output:
Change Dir: /home/asus/Documents/OpenCL/TD1/build/CMakeFiles/CMakeTmp

Run Build Command(s):/usr/bin/make cmTC_74761/fast && /usr/bin/make -f CMakeFiles/cmTC_74761.dir/build.make CMakeFiles/cmTC_74761.dir/build
make[1] : on entre dans le répertoire « /home/asus/Documents/OpenCL/TD1/build/CMakeFiles/CMakeTmp »
Building C object CMakeFiles/cmTC_74761.dir/CheckFunctionExists.c.o
/usr/bin/gcc   -DCHECK_FUNCTION_EXISTS=__secure_getenv   -o CMakeFiles/cmTC_74761.dir/CheckFunctionExists.c.o   -c /usr/share/cmake-3.16/Modules/CheckFunctionExists.c
Linking C executable cmTC_74761
/usr/bin/cmake -E cmake_link_script CMakeFiles/cmTC_74761.dir/link.txt --verbose=1
/usr/bin/gcc  -DCHECK_FUNCTION_EXISTS=__secure_getenv    -rdynamic CMakeFiles/cmTC_74761.dir/CheckFunctionExists.c.o  -o cmTC_74761 
/usr/bin/ld : CMakeFiles/cmTC_74761.dir/CheckFunctionExists.c.o : dans la fonction « main » :
CheckFunctionExists.c:(.text+0x14) : référence indéfinie vers « __secure_getenv »
collect2: error: ld returned 1 exit status
make[1]: *** [CMakeFiles/cmTC_74761.dir/build.make:87 : cmTC_74761] Erreur 1
make[1] : on quitte le répertoire « /home/asus/Documents/OpenCL/TD1/build/CMakeFiles/CMakeTmp »
make: *** [Makefile:121 : cmTC_74761/fast] Erreur 2



